**********************
PowerShell transcript start
Start time: 20210102160921
Username: 7527ADELLPROD\support
RunAs User: 7527ADELLPROD\support
Configuration Name: 
Machine: 7527ADELLPROD (Microsoft Windows NT 10.0.19041.0)
Host Application: C:\Program Files\PowerShell\7\pwsh.dll -NoProfile -NonInteractive -ExecutionPolicy Bypass -Command Import-Module 'c:\Users\support\.vscode\extensions\ms-vscode.powershell-preview-2020.9.0\modules\PowerShellEditorServices\PowerShellEditorServices.psd1'; Start-EditorServices -HostName 'Visual Studio Code Host' -HostProfileId 'Microsoft.VSCode' -HostVersion '2020.9.0' -AdditionalModules @('PowerShellEditorServices.VSCode') -BundledModulesPath 'c:\Users\support\.vscode\extensions\ms-vscode.powershell-preview-2020.9.0\modules' -EnableConsoleRepl -StartupBanner '=====> PowerShell Preview Integrated Console v2020.9.0 <=====
' -LogLevel 'Normal' -LogPath 'c:\Users\support\.vscode\extensions\ms-vscode.powershell-preview-2020.9.0\logs\1609603392-d457ed36-3b9d-45dd-9f70-3b7fb74863161609597617239\EditorServices.log' -SessionDetailsPath 'c:\Users\support\.vscode\extensions\ms-vscode.powershell-preview-2020.9.0\sessions\PSES-VSCode-6392-720720' -FeatureFlags @() 
Process ID: 22728
PSVersion: 7.1.0
PSEdition: Core
GitCommitId: 7.1.0
OS: Microsoft Windows 10.0.19041
Platform: Win32NT
PSCompatibleVersions: 1.0, 2.0, 3.0, 4.0, 5.0, 5.1.10032.0, 6.0.0, 6.1.0, 6.2.0, 7.0.0, 7.1.0
PSRemotingProtocolVersion: 2.3
SerializationVersion: 1.1.0.1
WSManStackVersion: 3.0
**********************
Transcript started, output file is C:\GitHub\Windows-10\Flash Uninstall\Flash_Uninstall.log
Patch Already Installed
**********************
PowerShell transcript end
End time: 20210102160923
**********************
